<?xml version="1.0" encoding="UTF-8"?>
<testng-results retried="1" ignored="0" total="7" passed="5" failed="1" skipped="0">
  <reporter-output>
  </reporter-output>
  <suite started-at="2023-09-28T02:22:10 IST" name="Suite" finished-at="2023-09-28T02:23:09 IST" duration-ms="58467">
    <groups>
      <group name="ErrorHandling">
        <method signature="ErrorValidation.loginErrorValidations()[pri:0, instance:Santanu.SeleniumFrameWorkDesign.tests.ErrorValidation@40db2a24]" name="loginErrorValidations" class="Santanu.SeleniumFrameWorkDesign.tests.ErrorValidation"/>
      </group> <!-- ErrorHandling -->
      <group name="Purchase">
        <method signature="SubmitOrder.submitOrder(java.util.HashMap)[pri:0, instance:Santanu.SeleniumFrameWorkDesign.tests.SubmitOrder@363a52f]" name="submitOrder" class="Santanu.SeleniumFrameWorkDesign.tests.SubmitOrder"/>
      </group> <!-- Purchase -->
    </groups>
    <test started-at="2023-09-28T02:22:10 IST" name="Error Validations Test" finished-at="2023-09-28T02:22:43 IST" duration-ms="32877">
      <class name="Santanu.SeleniumFrameWorkDesign.tests.ErrorValidation">
        <test-method is-config="true" signature="launchApplications()[pri:0, instance:Santanu.SeleniumFrameWorkDesign.tests.ErrorValidation@40db2a24]" started-at="2023-09-28T02:22:10 IST" name="launchApplications" finished-at="2023-09-28T02:22:17 IST" duration-ms="6464" status="PASS">
          <reporter-output>
          </reporter-output>
        </test-method> <!-- launchApplications -->
        <test-method retried="true" signature="loginErrorValidations()[pri:0, instance:Santanu.SeleniumFrameWorkDesign.tests.ErrorValidation@40db2a24]" started-at="2023-09-28T02:22:17 IST" name="loginErrorValidations" finished-at="2023-09-28T02:22:17 IST" duration-ms="744" status="SKIP">
          <exception class="java.lang.AssertionError">
            <message>
              <![CDATA[expected [Incorrect email  password.] but found [Incorrect email or password.]]]>
            </message>
            <full-stacktrace>
              <![CDATA[java.lang.AssertionError: expected [Incorrect email  password.] but found [Incorrect email or password.]
at org.testng.Assert.fail(Assert.java:99)
at org.testng.Assert.failNotEquals(Assert.java:1037)
at org.testng.Assert.assertEqualsImpl(Assert.java:140)
at org.testng.Assert.assertEquals(Assert.java:122)
at org.testng.Assert.assertEquals(Assert.java:629)
at org.testng.Assert.assertEquals(Assert.java:639)
at Santanu.SeleniumFrameWorkDesign.tests.ErrorValidation.loginErrorValidations(ErrorValidation.java:19)
at java.base/jdk.internal.reflect.NativeMethodAccessorImpl.invoke0(Native Method)
at java.base/jdk.internal.reflect.NativeMethodAccessorImpl.invoke(NativeMethodAccessorImpl.java:77)
at java.base/jdk.internal.reflect.DelegatingMethodAccessorImpl.invoke(DelegatingMethodAccessorImpl.java:43)
at java.base/java.lang.reflect.Method.invoke(Method.java:568)
at org.testng.internal.MethodInvocationHelper.invokeMethod(MethodInvocationHelper.java:133)
at org.testng.internal.TestInvoker.invokeMethod(TestInvoker.java:598)
at org.testng.internal.TestInvoker.invokeTestMethod(TestInvoker.java:173)
at org.testng.internal.MethodRunner.runInSequence(MethodRunner.java:46)
at org.testng.internal.TestInvoker$MethodInvocationAgent.invoke(TestInvoker.java:824)
at org.testng.internal.TestInvoker.invokeTestMethods(TestInvoker.java:146)
at org.testng.internal.TestMethodWorker.invokeTestMethods(TestMethodWorker.java:146)
at org.testng.internal.TestMethodWorker.run(TestMethodWorker.java:128)
at java.base/java.util.ArrayList.forEach(ArrayList.java:1511)
at org.testng.TestRunner.privateRun(TestRunner.java:794)
at org.testng.TestRunner.run(TestRunner.java:596)
at org.testng.SuiteRunner.runTest(SuiteRunner.java:377)
at org.testng.SuiteRunner.access$000(SuiteRunner.java:28)
at org.testng.SuiteRunner$SuiteWorker.run(SuiteRunner.java:418)
at org.testng.internal.thread.ThreadUtil.lambda$execute$0(ThreadUtil.java:64)
at java.base/java.util.concurrent.FutureTask.run(FutureTask.java:264)
at java.base/java.util.concurrent.ThreadPoolExecutor.runWorker(ThreadPoolExecutor.java:1136)
at java.base/java.util.concurrent.ThreadPoolExecutor$Worker.run(ThreadPoolExecutor.java:635)
at java.base/java.lang.Thread.run(Thread.java:833)
]]>
            </full-stacktrace>
          </exception> <!-- java.lang.AssertionError -->
          <reporter-output>
          </reporter-output>
        </test-method> <!-- loginErrorValidations -->
        <test-method is-config="true" signature="tearDown()[pri:0, instance:Santanu.SeleniumFrameWorkDesign.tests.ErrorValidation@40db2a24]" started-at="2023-09-28T02:22:17 IST" name="tearDown" finished-at="2023-09-28T02:22:18 IST" duration-ms="336" status="PASS">
          <reporter-output>
          </reporter-output>
        </test-method> <!-- tearDown -->
        <test-method is-config="true" signature="launchApplications()[pri:0, instance:Santanu.SeleniumFrameWorkDesign.tests.ErrorValidation@40db2a24]" started-at="2023-09-28T02:22:18 IST" name="launchApplications" finished-at="2023-09-28T02:22:23 IST" duration-ms="5074" status="PASS">
          <reporter-output>
          </reporter-output>
        </test-method> <!-- launchApplications -->
        <test-method signature="loginErrorValidations()[pri:0, instance:Santanu.SeleniumFrameWorkDesign.tests.ErrorValidation@40db2a24]" started-at="2023-09-28T02:22:23 IST" name="loginErrorValidations" finished-at="2023-09-28T02:22:23 IST" duration-ms="574" status="FAIL">
          <exception class="java.lang.AssertionError">
            <message>
              <![CDATA[expected [Incorrect email  password.] but found [Incorrect email or password.]]]>
            </message>
            <full-stacktrace>
              <![CDATA[java.lang.AssertionError: expected [Incorrect email  password.] but found [Incorrect email or password.]
at org.testng.Assert.fail(Assert.java:99)
at org.testng.Assert.failNotEquals(Assert.java:1037)
at org.testng.Assert.assertEqualsImpl(Assert.java:140)
at org.testng.Assert.assertEquals(Assert.java:122)
at org.testng.Assert.assertEquals(Assert.java:629)
at org.testng.Assert.assertEquals(Assert.java:639)
at Santanu.SeleniumFrameWorkDesign.tests.ErrorValidation.loginErrorValidations(ErrorValidation.java:19)
at java.base/jdk.internal.reflect.NativeMethodAccessorImpl.invoke0(Native Method)
at java.base/jdk.internal.reflect.NativeMethodAccessorImpl.invoke(NativeMethodAccessorImpl.java:77)
at java.base/jdk.internal.reflect.DelegatingMethodAccessorImpl.invoke(DelegatingMethodAccessorImpl.java:43)
at java.base/java.lang.reflect.Method.invoke(Method.java:568)
at org.testng.internal.MethodInvocationHelper.invokeMethod(MethodInvocationHelper.java:133)
at org.testng.internal.TestInvoker.invokeMethod(TestInvoker.java:598)
at org.testng.internal.TestInvoker.retryFailed(TestInvoker.java:213)
at org.testng.internal.MethodRunner.runInSequence(MethodRunner.java:58)
at org.testng.internal.TestInvoker$MethodInvocationAgent.invoke(TestInvoker.java:824)
at org.testng.internal.TestInvoker.invokeTestMethods(TestInvoker.java:146)
at org.testng.internal.TestMethodWorker.invokeTestMethods(TestMethodWorker.java:146)
at org.testng.internal.TestMethodWorker.run(TestMethodWorker.java:128)
at java.base/java.util.ArrayList.forEach(ArrayList.java:1511)
at org.testng.TestRunner.privateRun(TestRunner.java:794)
at org.testng.TestRunner.run(TestRunner.java:596)
at org.testng.SuiteRunner.runTest(SuiteRunner.java:377)
at org.testng.SuiteRunner.access$000(SuiteRunner.java:28)
at org.testng.SuiteRunner$SuiteWorker.run(SuiteRunner.java:418)
at org.testng.internal.thread.ThreadUtil.lambda$execute$0(ThreadUtil.java:64)
at java.base/java.util.concurrent.FutureTask.run(FutureTask.java:264)
at java.base/java.util.concurrent.ThreadPoolExecutor.runWorker(ThreadPoolExecutor.java:1136)
at java.base/java.util.concurrent.ThreadPoolExecutor$Worker.run(ThreadPoolExecutor.java:635)
at java.base/java.lang.Thread.run(Thread.java:833)
]]>
            </full-stacktrace>
          </exception> <!-- java.lang.AssertionError -->
          <reporter-output>
          </reporter-output>
        </test-method> <!-- loginErrorValidations -->
        <test-method is-config="true" signature="tearDown()[pri:0, instance:Santanu.SeleniumFrameWorkDesign.tests.ErrorValidation@40db2a24]" started-at="2023-09-28T02:22:24 IST" name="tearDown" finished-at="2023-09-28T02:22:24 IST" duration-ms="371" status="PASS">
          <reporter-output>
          </reporter-output>
        </test-method> <!-- tearDown -->
        <test-method is-config="true" signature="launchApplications()[pri:0, instance:Santanu.SeleniumFrameWorkDesign.tests.ErrorValidation@40db2a24]" started-at="2023-09-28T02:22:24 IST" name="launchApplications" finished-at="2023-09-28T02:22:30 IST" duration-ms="5219" status="PASS">
          <reporter-output>
          </reporter-output>
        </test-method> <!-- launchApplications -->
        <test-method signature="productPageErrorValidations()[pri:0, instance:Santanu.SeleniumFrameWorkDesign.tests.ErrorValidation@40db2a24]" started-at="2023-09-28T02:22:30 IST" name="productPageErrorValidations" finished-at="2023-09-28T02:22:42 IST" duration-ms="12851" status="PASS">
          <reporter-output>
          </reporter-output>
        </test-method> <!-- productPageErrorValidations -->
        <test-method is-config="true" signature="tearDown()[pri:0, instance:Santanu.SeleniumFrameWorkDesign.tests.ErrorValidation@40db2a24]" started-at="2023-09-28T02:22:42 IST" name="tearDown" finished-at="2023-09-28T02:22:43 IST" duration-ms="474" status="PASS">
          <reporter-output>
          </reporter-output>
        </test-method> <!-- tearDown -->
      </class> <!-- Santanu.SeleniumFrameWorkDesign.tests.ErrorValidation -->
    </test> <!-- Error Validations Test -->
    <test started-at="2023-09-28T02:22:10 IST" name="Submit Order Test" finished-at="2023-09-28T02:23:09 IST" duration-ms="58467">
      <class name="Santanu.SeleniumFrameWorkDesign.tests.SubmitOrder">
        <test-method is-config="true" signature="launchApplications()[pri:0, instance:Santanu.SeleniumFrameWorkDesign.tests.SubmitOrder@363a52f]" started-at="2023-09-28T02:22:10 IST" name="launchApplications" finished-at="2023-09-28T02:22:19 IST" duration-ms="8180" status="PASS">
          <reporter-output>
          </reporter-output>
        </test-method> <!-- launchApplications -->
        <test-method signature="submitOrder(java.util.HashMap)[pri:0, instance:Santanu.SeleniumFrameWorkDesign.tests.SubmitOrder@363a52f]" started-at="2023-09-28T02:22:19 IST" name="submitOrder" data-provider="getData" finished-at="2023-09-28T02:22:35 IST" duration-ms="16539" status="PASS">
          <params>
            <param index="0">
              <value>
                <![CDATA[{password=Rajib@12, countryName=India, email=Rajib123@gmail.com, productName=ZARA COAT 3}]]>
              </value>
            </param>
          </params>
          <reporter-output>
          </reporter-output>
        </test-method> <!-- submitOrder -->
        <test-method is-config="true" signature="tearDown()[pri:0, instance:Santanu.SeleniumFrameWorkDesign.tests.SubmitOrder@363a52f]" started-at="2023-09-28T02:22:35 IST" name="tearDown" finished-at="2023-09-28T02:22:35 IST" duration-ms="355" status="PASS">
          <reporter-output>
          </reporter-output>
        </test-method> <!-- tearDown -->
        <test-method is-config="true" signature="launchApplications()[pri:0, instance:Santanu.SeleniumFrameWorkDesign.tests.SubmitOrder@363a52f]" started-at="2023-09-28T02:22:35 IST" name="launchApplications" finished-at="2023-09-28T02:22:40 IST" duration-ms="5020" status="PASS">
          <reporter-output>
          </reporter-output>
        </test-method> <!-- launchApplications -->
        <test-method signature="submitOrder(java.util.HashMap)[pri:0, instance:Santanu.SeleniumFrameWorkDesign.tests.SubmitOrder@363a52f]" started-at="2023-09-28T02:22:40 IST" name="submitOrder" data-provider="getData" finished-at="2023-09-28T02:22:57 IST" duration-ms="16129" status="PASS">
          <params>
            <param index="0">
              <value>
                <![CDATA[{password=Rohit@12, countryName=India, email=rohit123@gmail.com, productName=ADIDAS ORIGINAL}]]>
              </value>
            </param>
          </params>
          <reporter-output>
          </reporter-output>
        </test-method> <!-- submitOrder -->
        <test-method is-config="true" signature="tearDown()[pri:0, instance:Santanu.SeleniumFrameWorkDesign.tests.SubmitOrder@363a52f]" started-at="2023-09-28T02:22:57 IST" name="tearDown" finished-at="2023-09-28T02:22:57 IST" duration-ms="347" status="PASS">
          <reporter-output>
          </reporter-output>
        </test-method> <!-- tearDown -->
        <test-method is-config="true" signature="launchApplications()[pri:0, instance:Santanu.SeleniumFrameWorkDesign.tests.SubmitOrder@363a52f]" started-at="2023-09-28T02:22:57 IST" name="launchApplications" finished-at="2023-09-28T02:23:02 IST" duration-ms="4652" status="PASS">
          <reporter-output>
          </reporter-output>
        </test-method> <!-- launchApplications -->
        <test-method signature="orderHistoryTest(java.util.HashMap)[pri:0, instance:Santanu.SeleniumFrameWorkDesign.tests.SubmitOrder@363a52f]" started-at="2023-09-28T02:23:02 IST" name="orderHistoryTest" data-provider="getData" finished-at="2023-09-28T02:23:02 IST" depends-on-methods="Santanu.SeleniumFrameWorkDesign.tests.SubmitOrder.submitOrder" duration-ms="871" status="PASS">
          <params>
            <param index="0">
              <value>
                <![CDATA[{password=Rajib@12, countryName=India, email=Rajib123@gmail.com, productName=ZARA COAT 3}]]>
              </value>
            </param>
          </params>
          <reporter-output>
          </reporter-output>
        </test-method> <!-- orderHistoryTest -->
        <test-method is-config="true" signature="tearDown()[pri:0, instance:Santanu.SeleniumFrameWorkDesign.tests.SubmitOrder@363a52f]" started-at="2023-09-28T02:23:02 IST" name="tearDown" finished-at="2023-09-28T02:23:03 IST" duration-ms="296" status="PASS">
          <reporter-output>
          </reporter-output>
        </test-method> <!-- tearDown -->
        <test-method is-config="true" signature="launchApplications()[pri:0, instance:Santanu.SeleniumFrameWorkDesign.tests.SubmitOrder@363a52f]" started-at="2023-09-28T02:23:03 IST" name="launchApplications" finished-at="2023-09-28T02:23:07 IST" duration-ms="4613" status="PASS">
          <reporter-output>
          </reporter-output>
        </test-method> <!-- launchApplications -->
        <test-method signature="orderHistoryTest(java.util.HashMap)[pri:0, instance:Santanu.SeleniumFrameWorkDesign.tests.SubmitOrder@363a52f]" started-at="2023-09-28T02:23:07 IST" name="orderHistoryTest" data-provider="getData" finished-at="2023-09-28T02:23:08 IST" depends-on-methods="Santanu.SeleniumFrameWorkDesign.tests.SubmitOrder.submitOrder" duration-ms="801" status="PASS">
          <params>
            <param index="0">
              <value>
                <![CDATA[{password=Rohit@12, countryName=India, email=rohit123@gmail.com, productName=ADIDAS ORIGINAL}]]>
              </value>
            </param>
          </params>
          <reporter-output>
          </reporter-output>
        </test-method> <!-- orderHistoryTest -->
        <test-method is-config="true" signature="tearDown()[pri:0, instance:Santanu.SeleniumFrameWorkDesign.tests.SubmitOrder@363a52f]" started-at="2023-09-28T02:23:08 IST" name="tearDown" finished-at="2023-09-28T02:23:09 IST" duration-ms="338" status="PASS">
          <reporter-output>
          </reporter-output>
        </test-method> <!-- tearDown -->
      </class> <!-- Santanu.SeleniumFrameWorkDesign.tests.SubmitOrder -->
    </test> <!-- Submit Order Test -->
  </suite> <!-- Suite -->
</testng-results>
